<?xml version="1.0" encoding="UTF-8"?>
<!-- Generated by org.testng.reporters.JUnitReportReporter -->
<testsuite hostname="DESKTOP-GO4QAUM" failures="0" tests="1" name="com.test.Testing" time="70.896" errors="0" timestamp="05 Jan 2022 17:35:05 GMT" skipped="0">
  <testcase classname="com.test.Testing" name="testingmethod" time="70.896"/>
</testsuite> <!-- com.test.Testing -->
